<?xml version="1.0" encoding="UTF-8"?>
<!-- Generated by org.testng.reporters.JUnitXMLReporter -->
<testsuite ignored="0" hostname="RICHA" failures="0" tests="2" name="Error Validation Test" time="7.594" errors="0" timestamp="19 Nov 2024 16:51:00 GMT">
  <testcase classname="com.rahulshettyacademy.eCommerce_tc_1" name="@BeforeMethod preSetup" time="0.381">
    <failure type="org.openqa.selenium.WebDriverException" message="An unknown server-side error occurred while processing the command. Original error: Error executing adbExec. Original error: &amp;apos;Command &amp;apos;C:\\Users\\richa\\AppData\\Local\\Android\\Sdk\\platform-tools\\adb.exe -P 5037 -s emulator-5554 shell am start com.androidsample.generalstore/com.androidsample.generalstore.MainActivity&amp;apos; exited with code 1&amp;apos;; Command output: java.lang.SecurityException: Permission Denial: starting Intent { act=android.intent.action.MAIN cat=[android.intent.category.LAUNCHER] flg=0x10000000 cmp=com.androidsample.generalstore/.MainActivity } from null (pid=4311, uid=2000) not exported from uid 10079
	at android.os.Parcel.readException(Parcel.java:1683)
	at android.os.Parcel.readException(Parcel.java:1636)
	at android.app.ActivityManagerProxy.startActivityAsUser(ActivityManagerNative.java:3107)
	at com.android.commands.am.Am.runStart(Am.java:635)
	at com.android.commands.am.Am.onRun(Am.java:388)
	at com.android.internal.os.BaseCommand.run(BaseCommand.java:51)
	at com.android.commands.am.Am.main(Am.java:121)
	at com.android.internal.os.RuntimeInit.nativeFinishInit(Native Method)
	at com.android.internal.os.RuntimeInit.main(RuntimeInit.java:262)

Build info: version: &amp;apos;4.26.0&amp;apos;, revision: &amp;apos;8ccf0219d7&amp;apos;
System info: os.name: &amp;apos;Windows 11&amp;apos;, os.arch: &amp;apos;amd64&amp;apos;, os.version: &amp;apos;10.0&amp;apos;, java.version: &amp;apos;17.0.10&amp;apos;
Driver info: io.appium.java_client.android.AndroidDriver
Command: [ed50b9f0-d9ea-431e-a7f7-d37a352dcd32, executeScript {args=[{intent=com.androidsample.generalstore/com.androidsample.generalstore.MainActivity}], script=mobile: startActivity}]
Capabilities {appium:app: C://Users//richa//OneDrive/..., appium:appPackage: com.androidsample.generalstore, appium:automationName: UIAutomator2, appium:databaseEnabled: false, appium:desired: {app: C://Users//richa//OneDrive/..., automationName: UIAutomator2, deviceName: Small Phone API 24, platformName: ANDROID}, appium:deviceApiLevel: 24, appium:deviceManufacturer: Google, appium:deviceModel: Android SDK built for x86, appium:deviceName: emulator-5554, appium:deviceScreenDensity: 320, appium:deviceScreenSize: 720x1280, appium:deviceUDID: emulator-5554, appium:javascriptEnabled: true, appium:locationContextEnabled: false, appium:networkConnectionEnabled: true, appium:pixelRatio: 2, appium:platformVersion: 7.0, appium:statBarHeight: 48, appium:takesScreenshot: true, appium:viewportRect: {height: 1232, left: 0, top: 48, width: 720}, appium:warnings: {}, appium:webStorageEnabled: false, platformName: ANDROID}
Session ID: ed50b9f0-d9ea-431e-a7f7-d37a352dcd32">
      <![CDATA[org.openqa.selenium.WebDriverException: An unknown server-side error occurred while processing the command. Original error: Error executing adbExec. Original error: 'Command 'C:\\Users\\richa\\AppData\\Local\\Android\\Sdk\\platform-tools\\adb.exe -P 5037 -s emulator-5554 shell am start com.androidsample.generalstore/com.androidsample.generalstore.MainActivity' exited with code 1'; Command output: java.lang.SecurityException: Permission Denial: starting Intent { act=android.intent.action.MAIN cat=[android.intent.category.LAUNCHER] flg=0x10000000 cmp=com.androidsample.generalstore/.MainActivity } from null (pid=4311, uid=2000) not exported from uid 10079
at android.os.Parcel.readException(Parcel.java:1683)
at android.os.Parcel.readException(Parcel.java:1636)
at android.app.ActivityManagerProxy.startActivityAsUser(ActivityManagerNative.java:3107)
at com.android.commands.am.Am.runStart(Am.java:635)
at com.android.commands.am.Am.onRun(Am.java:388)
at com.android.internal.os.BaseCommand.run(BaseCommand.java:51)
at com.android.commands.am.Am.main(Am.java:121)
at com.android.internal.os.RuntimeInit.nativeFinishInit(Native Method)
at com.android.internal.os.RuntimeInit.main(RuntimeInit.java:262)

Build info: version: '4.26.0', revision: '8ccf0219d7'
System info: os.name: 'Windows 11', os.arch: 'amd64', os.version: '10.0', java.version: '17.0.10'
Driver info: io.appium.java_client.android.AndroidDriver
Command: [ed50b9f0-d9ea-431e-a7f7-d37a352dcd32, executeScript {args=[{intent=com.androidsample.generalstore/com.androidsample.generalstore.MainActivity}], script=mobile: startActivity}]
Capabilities {appium:app: C://Users//richa//OneDrive/..., appium:appPackage: com.androidsample.generalstore, appium:automationName: UIAutomator2, appium:databaseEnabled: false, appium:desired: {app: C://Users//richa//OneDrive/..., automationName: UIAutomator2, deviceName: Small Phone API 24, platformName: ANDROID}, appium:deviceApiLevel: 24, appium:deviceManufacturer: Google, appium:deviceModel: Android SDK built for x86, appium:deviceName: emulator-5554, appium:deviceScreenDensity: 320, appium:deviceScreenSize: 720x1280, appium:deviceUDID: emulator-5554, appium:javascriptEnabled: true, appium:locationContextEnabled: false, appium:networkConnectionEnabled: true, appium:pixelRatio: 2, appium:platformVersion: 7.0, appium:statBarHeight: 48, appium:takesScreenshot: true, appium:viewportRect: {height: 1232, left: 0, top: 48, width: 720}, appium:warnings: {}, appium:webStorageEnabled: false, platformName: ANDROID}
Session ID: ed50b9f0-d9ea-431e-a7f7-d37a352dcd32
at org.openqa.selenium.remote.ErrorCodec.decode(ErrorCodec.java:167)
at org.openqa.selenium.remote.codec.w3c.W3CHttpResponseCodec.decode(W3CHttpResponseCodec.java:138)
at org.openqa.selenium.remote.codec.w3c.W3CHttpResponseCodec.decode(W3CHttpResponseCodec.java:50)
at org.openqa.selenium.remote.HttpCommandExecutor.execute(HttpCommandExecutor.java:190)
at io.appium.java_client.remote.AppiumCommandExecutor.execute(AppiumCommandExecutor.java:237)
at org.openqa.selenium.remote.RemoteWebDriver.execute(RemoteWebDriver.java:545)
at org.openqa.selenium.remote.RemoteWebDriver.executeScript(RemoteWebDriver.java:476)
at com.rahulshettyacademy.eCommerce_tc_1.preSetup(eCommerce_tc_1.java:21)
... Removed 33 stack frames]]>
    </failure>
  </testcase> <!-- @BeforeMethod preSetup -->
  <testcase classname="com.rahulshettyacademy.eCommerce_tc_1" name="@BeforeMethod preSetup" time="0.0">
    <skipped/>
  </testcase> <!-- @BeforeMethod preSetup -->
  <testcase classname="com.rahulshettyacademy.BaseTest" name="@AfterClass tearDown" time="0.0">
    <skipped/>
  </testcase> <!-- @AfterClass tearDown -->
  <testcase classname="com.rahulshettyacademy.eCommerce_tc_1" name="fillForm_ErrorValidation" time="0.0">
    <skipped/>
  </testcase> <!-- fillForm_ErrorValidation -->
  <testcase classname="com.rahulshettyacademy.eCommerce_tc_1" name="fillForm_PositiveFlow" time="0.0">
    <skipped/>
  </testcase> <!-- fillForm_PositiveFlow -->
</testsuite> <!-- Error Validation Test -->
